Performing C SOURCE FILE Test CMAKE_HAVE_LIBC_PTHREAD failed with the following output:
Change Dir: /home/alinx/PCL/pcl_example/generate_random_point_cloud/build/CMakeFiles/CMakeScratch/TryCompile-HE4A5A

Run Build Command(s):/usr/bin/make -f Makefile cmTC_37de6/fast && /usr/bin/make  -f CMakeFiles/cmTC_37de6.dir/build.make CMakeFiles/cmTC_37de6.dir/build
make[1]: Entering directory '/home/alinx/PCL/pcl_example/generate_random_point_cloud/build/CMakeFiles/CMakeScratch/TryCompile-HE4A5A'
Building C object CMakeFiles/cmTC_37de6.dir/src.c.o
/usr/bin/cc -DCMAKE_HAVE_LIBC_PTHREAD   -o CMakeFiles/cmTC_37de6.dir/src.c.o -c /home/alinx/PCL/pcl_example/generate_random_point_cloud/build/CMakeFiles/CMakeScratch/TryCompile-HE4A5A/src.c
Linking C executable cmTC_37de6
/usr/bin/cmake -E cmake_link_script CMakeFiles/cmTC_37de6.dir/link.txt --verbose=1
/usr/bin/cc -rdynamic CMakeFiles/cmTC_37de6.dir/src.c.o -o cmTC_37de6 
CMakeFiles/cmTC_37de6.dir/src.c.o: In function `main':
src.c:(.text+0x3e): undefined reference to `pthread_create'
src.c:(.text+0x4a): undefined reference to `pthread_detach'
src.c:(.text+0x56): undefined reference to `pthread_cancel'
src.c:(.text+0x67): undefined reference to `pthread_join'
src.c:(.text+0x7b): undefined reference to `pthread_atfork'
collect2: error: ld returned 1 exit status
CMakeFiles/cmTC_37de6.dir/build.make:98: recipe for target 'cmTC_37de6' failed
make[1]: *** [cmTC_37de6] Error 1
make[1]: Leaving directory '/home/alinx/PCL/pcl_example/generate_random_point_cloud/build/CMakeFiles/CMakeScratch/TryCompile-HE4A5A'
Makefile:127: recipe for target 'cmTC_37de6/fast' failed
make: *** [cmTC_37de6/fast] Error 2


Source file was:
#include <pthread.h>

static void* test_func(void* data)
{
  return data;
}

int main(void)
{
  pthread_t thread;
  pthread_create(&thread, NULL, test_func, NULL);
  pthread_detach(thread);
  pthread_cancel(thread);
  pthread_join(thread, NULL);
  pthread_atfork(NULL, NULL, NULL);
  pthread_exit(NULL);

  return 0;
}


Determining if the function pthread_create exists in the pthreads failed with the following output:
Change Dir: /home/alinx/PCL/pcl_example/generate_random_point_cloud/build/CMakeFiles/CMakeScratch/TryCompile-6kgk1I

Run Build Command(s):/usr/bin/make -f Makefile cmTC_d1110/fast && /usr/bin/make  -f CMakeFiles/cmTC_d1110.dir/build.make CMakeFiles/cmTC_d1110.dir/build
make[1]: Entering directory '/home/alinx/PCL/pcl_example/generate_random_point_cloud/build/CMakeFiles/CMakeScratch/TryCompile-6kgk1I'
Building C object CMakeFiles/cmTC_d1110.dir/CheckFunctionExists.c.o
/usr/bin/cc   -DCHECK_FUNCTION_EXISTS=pthread_create -o CMakeFiles/cmTC_d1110.dir/CheckFunctionExists.c.o -c /home/alinx/PCL/pcl_example/generate_random_point_cloud/build/CMakeFiles/CMakeScratch/TryCompile-6kgk1I/CheckFunctionExists.c
Linking C executable cmTC_d1110
/usr/bin/cmake -E cmake_link_script CMakeFiles/cmTC_d1110.dir/link.txt --verbose=1
/usr/bin/cc  -DCHECK_FUNCTION_EXISTS=pthread_create -rdynamic CMakeFiles/cmTC_d1110.dir/CheckFunctionExists.c.o -o cmTC_d1110  -lpthreads 
/usr/bin/ld: cannot find -lpthreads
collect2: error: ld returned 1 exit status
CMakeFiles/cmTC_d1110.dir/build.make:98: recipe for target 'cmTC_d1110' failed
make[1]: *** [cmTC_d1110] Error 1
make[1]: Leaving directory '/home/alinx/PCL/pcl_example/generate_random_point_cloud/build/CMakeFiles/CMakeScratch/TryCompile-6kgk1I'
Makefile:127: recipe for target 'cmTC_d1110/fast' failed
make: *** [cmTC_d1110/fast] Error 2



